[
  {
    "level": "INFO",
    "message": "android.ndkVersion from module build.gradle is [android-ndk-r16b]"
  },
  {
    "level": "INFO",
    "message": "android.ndkPath from module build.gradle is not set"
  },
  {
    "level": "INFO",
    "message": "ndk.dir in local.properties is C:\\Users\\janaka_w\\AppData\\Local\\Android\\Sdk\\ndk\\android-ndk-r16b"
  },
  {
    "level": "INFO",
    "message": "Not considering ANDROID_NDK_HOME because support was removed after deprecation period."
  },
  {
    "level": "INFO",
    "message": "sdkFolder is C:\\Users\\janaka_w\\AppData\\Local\\Android\\Sdk"
  }
]