[
  {
    "level": "INFO",
    "message": "android.ndkVersion from module build.gradle is [16.1.4479499]"
  },
  {
    "level": "INFO",
    "message": "android.ndkPath from module build.gradle is not set"
  },
  {
    "level": "INFO",
    "message": "ndk.dir in local.properties is /Users/amal/Library/Android/sdk/ndk/16.1.4479499"
  },
  {
    "level": "INFO",
    "message": "Not considering ANDROID_NDK_HOME because support was removed after deprecation period."
  },
  {
    "level": "INFO",
    "message": "sdkFolder is C:\\Users\\janaka_w\\AppData\\Local\\Android\\Sdk"
  },
  {
    "level": "INFO",
    "message": "Folder \\Users\\amal\\Library\\Android\\sdk\\ndk\\16.1.4479499 does not exist. Ignoring."
  },
  {
    "level": "ERROR",
    "message": "Location specified by ndk.dir (/Users/amal/Library/Android/sdk/ndk/16.1.4479499) did not contain a valid NDK and couldn\u0027t be used"
  }
]